<?xml version="1.0" encoding="UTF-8"?>
<testng-results ignored="0" total="6" passed="6" failed="0" skipped="0">
  <reporter-output>
  </reporter-output>
  <suite started-at="2022-09-19T16:18:37 IST" name="Suite" finished-at="2022-09-19T16:19:40 IST" duration-ms="63005">
    <groups>
    </groups>
    <test started-at="2022-09-19T16:18:37 IST" name="Test" finished-at="2022-09-19T16:19:40 IST" duration-ms="63005">
      <class name="pom.signin_pom">
        <test-method signature="setup()[pri:0, instance:pom.signin_pom@63a12c68]" started-at="2022-09-19T16:18:45 IST" name="setup" finished-at="2022-09-19T16:18:54 IST" duration-ms="8811" status="PASS">
          <reporter-output>
          </reporter-output>
        </test-method> <!-- setup -->
      </class> <!-- pom.signin_pom -->
      <class name="pom.Homepage">
        <test-method signature="launchBrowser()[pri:0, instance:pom.Homepage@581ac8a8]" started-at="2022-09-19T16:19:09 IST" name="launchBrowser" finished-at="2022-09-19T16:19:40 IST" duration-ms="30800" status="PASS">
          <reporter-output>
          </reporter-output>
        </test-method> <!-- launchBrowser -->
      </class> <!-- pom.Homepage -->
      <class name="pom.Home_pom">
        <test-method signature="setup()[pri:0, instance:pom.Home_pom@28f3b248]" started-at="2022-09-19T16:18:54 IST" name="setup" finished-at="2022-09-19T16:19:01 IST" duration-ms="7431" status="PASS">
          <reporter-output>
          </reporter-output>
        </test-method> <!-- setup -->
      </class> <!-- pom.Home_pom -->
      <class name="pom.Sign_up">
        <test-method signature="setup()[pri:0, instance:pom.Sign_up@212b5695]" started-at="2022-09-19T16:18:37 IST" name="setup" finished-at="2022-09-19T16:18:45 IST" duration-ms="7853" status="PASS">
          <reporter-output>
          </reporter-output>
        </test-method> <!-- setup -->
      </class> <!-- pom.Sign_up -->
      <class name="pom.Signup">
        <test-method signature="launchBrowser()[pri:0, instance:pom.Signup@1b1426f4]" started-at="2022-09-19T16:19:01 IST" name="launchBrowser" finished-at="2022-09-19T16:19:05 IST" duration-ms="3467" status="PASS">
          <reporter-output>
          </reporter-output>
        </test-method> <!-- launchBrowser -->
      </class> <!-- pom.Signup -->
      <class name="pom.Gsign_in">
        <test-method signature="launchBrowser()[pri:0, instance:pom.Gsign_in@32b260fa]" started-at="2022-09-19T16:19:05 IST" name="launchBrowser" finished-at="2022-09-19T16:19:09 IST" duration-ms="4607" status="PASS">
          <reporter-output>
          </reporter-output>
        </test-method> <!-- launchBrowser -->
      </class> <!-- pom.Gsign_in -->
    </test> <!-- Test -->
  </suite> <!-- Suite -->
</testng-results>
