<?xml version="1.0" encoding="UTF-8"?>
<!-- Generated by org.testng.reporters.JUnitXMLReporter -->
<testsuite ignored="0" hostname="QT-INBG-LT1768" failures="0" tests="6" name="Test" time="63.005" errors="0" timestamp="2022-09-19T16:19:40 IST">
  <testcase classname="pom.Sign_up" name="setup" time="7.853"/>
  <testcase classname="pom.signin_pom" name="setup" time="8.811"/>
  <testcase classname="pom.Home_pom" name="setup" time="7.431"/>
  <testcase classname="pom.Signup" name="launchBrowser" time="3.467"/>
  <testcase classname="pom.Gsign_in" name="launchBrowser" time="4.607"/>
  <testcase classname="pom.Homepage" name="launchBrowser" time="30.8"/>
</testsuite> <!-- Test -->
